2020-01-07 00:23:22,658 INFO o.a.j.u.JMeterUtils: Setting Locale to en_EN
2020-01-07 00:23:22,689 INFO o.a.j.JMeter: Loading user properties from: C:\jmeter\bin\user.properties
2020-01-07 00:23:22,694 INFO o.a.j.JMeter: Loading system properties from: C:\jmeter\bin\system.properties
2020-01-07 00:23:22,705 INFO o.a.j.JMeter: Copyright (c) 1998-2019 The Apache Software Foundation
2020-01-07 00:23:22,705 INFO o.a.j.JMeter: Version 5.2.1
2020-01-07 00:23:22,705 INFO o.a.j.JMeter: java.version=1.8.0_231
2020-01-07 00:23:22,705 INFO o.a.j.JMeter: java.vm.name=Java HotSpot(TM) 64-Bit Server VM
2020-01-07 00:23:22,705 INFO o.a.j.JMeter: os.name=Windows 10
2020-01-07 00:23:22,705 INFO o.a.j.JMeter: os.arch=amd64
2020-01-07 00:23:22,706 INFO o.a.j.JMeter: os.version=10.0
2020-01-07 00:23:22,706 INFO o.a.j.JMeter: file.encoding=Cp1252
2020-01-07 00:23:22,706 INFO o.a.j.JMeter: java.awt.headless=true
2020-01-07 00:23:22,706 INFO o.a.j.JMeter: Max memory     =1073741824
2020-01-07 00:23:22,706 INFO o.a.j.JMeter: Available Processors =4
2020-01-07 00:23:22,744 INFO o.a.j.JMeter: Default Locale=English (EN)
2020-01-07 00:23:22,745 INFO o.a.j.JMeter: JMeter  Locale=English (EN)
2020-01-07 00:23:22,745 INFO o.a.j.JMeter: JMeterHome=C:\jmeter
2020-01-07 00:23:22,745 INFO o.a.j.JMeter: user.dir  =C:\Program Files (x86)\Jenkins\workspace\firstJenkinsItem
2020-01-07 00:23:22,745 INFO o.a.j.JMeter: PWD       =C:\Program Files (x86)\Jenkins\workspace\firstJenkinsItem
2020-01-07 00:23:27,254 INFO o.a.j.JMeter: IP: 10.0.75.1 Name: DESKTOP-VE8JVOB FullName: DESKTOP-VE8JVOB
2020-01-07 00:23:27,258 INFO o.a.j.s.FileServer: Default base='C:\Program Files (x86)\Jenkins\workspace\firstJenkinsItem'
2020-01-07 00:23:27,265 INFO o.a.j.s.FileServer: Set new base='c:\jmeter\extras'
2020-01-07 00:23:27,426 INFO o.a.j.s.SaveService: Testplan (JMX) version: 2.2. Testlog (JTL) version: 2.2
2020-01-07 00:23:27,434 INFO o.a.j.s.SaveService: Using SaveService properties file encoding UTF-8
2020-01-07 00:23:27,440 INFO o.a.j.s.SaveService: Using SaveService properties version 5.0
2020-01-07 00:23:27,450 INFO o.a.j.s.SaveService: Loading file: c:\jmeter\extras\Test.jmx
2020-01-07 00:23:27,519 INFO o.a.j.JMeter: Creating summariser <summary>
2020-01-07 00:23:27,534 INFO o.a.j.e.StandardJMeterEngine: Running the test!
2020-01-07 00:23:27,534 INFO o.a.j.s.SampleEvent: List of sample_variables: []
2020-01-07 00:23:27,535 INFO o.a.j.s.SampleEvent: List of sample_variables: []
2020-01-07 00:23:27,542 INFO o.a.j.e.u.CompoundVariable: Note: Function class names must contain the string: '.functions.'
2020-01-07 00:23:27,542 INFO o.a.j.e.u.CompoundVariable: Note: Function class names must not contain the string: '.gui.'
2020-01-07 00:23:28,196 INFO o.a.j.p.j.s.JavaSampler: Created class: org.apache.jmeter.protocol.java.test.JavaTest. Uses tearDownTest: 
2020-01-07 00:23:28,197 INFO o.a.j.p.j.s.JavaSampler: Created class: org.apache.jmeter.protocol.java.test.JavaTest. Uses tearDownTest: 
2020-01-07 00:23:28,205 INFO o.a.j.JMeter: Running test (1578353008205)
2020-01-07 00:23:28,253 INFO o.a.j.e.StandardJMeterEngine: Starting ThreadGroup: 1 : Thread Group
2020-01-07 00:23:28,253 INFO o.a.j.e.StandardJMeterEngine: Starting 3 threads for group Thread Group.
2020-01-07 00:23:28,254 INFO o.a.j.e.StandardJMeterEngine: Thread will continue on error
2020-01-07 00:23:28,254 INFO o.a.j.t.ThreadGroup: Starting thread group... number=1 threads=3 ramp-up=1 delayedStart=false
2020-01-07 00:23:28,263 INFO o.a.j.t.ThreadGroup: Started thread group number 1
2020-01-07 00:23:28,263 INFO o.a.j.e.StandardJMeterEngine: All thread groups have been started
2020-01-07 00:23:28,270 INFO o.a.j.t.JMeterThread: Thread started: Thread Group 1-1
2020-01-07 00:23:28,281 INFO o.a.j.s.SampleResult: Note: Sample TimeStamps are START times
2020-01-07 00:23:28,281 INFO o.a.j.s.SampleResult: sampleresult.default.encoding is set to ISO-8859-1
2020-01-07 00:23:28,281 INFO o.a.j.s.SampleResult: sampleresult.useNanoTime=true
2020-01-07 00:23:28,282 INFO o.a.j.s.SampleResult: sampleresult.nanoThreadSleep=5000
2020-01-07 00:23:28,597 INFO o.a.j.t.JMeterThread: Thread started: Thread Group 1-2
2020-01-07 00:23:28,929 INFO o.a.j.t.JMeterThread: Thread started: Thread Group 1-3
2020-01-07 00:23:30,158 INFO o.a.j.r.Summariser: summary +     18 in 00:00:02 =    9.2/s Avg:   236 Min:   128 Max:   341 Err:     1 (5.56%) Active: 3 Started: 3 Finished: 0
2020-01-07 00:23:30,686 INFO o.a.j.t.JMeterThread: Thread is done: Thread Group 1-1
2020-01-07 00:23:30,686 INFO o.a.j.t.JMeterThread: Thread finished: Thread Group 1-1
2020-01-07 00:23:31,048 INFO o.a.j.t.JMeterThread: Thread is done: Thread Group 1-2
2020-01-07 00:23:31,048 INFO o.a.j.t.JMeterThread: Thread finished: Thread Group 1-2
2020-01-07 00:23:31,544 INFO o.a.j.t.JMeterThread: Thread is done: Thread Group 1-3
2020-01-07 00:23:31,544 INFO o.a.j.t.JMeterThread: Thread finished: Thread Group 1-3
2020-01-07 00:23:31,544 INFO o.a.j.e.StandardJMeterEngine: Notifying test listeners of end of test
2020-01-07 00:23:31,545 INFO o.a.j.r.Summariser: summary +     12 in 00:00:01 =    8.6/s Avg:   265 Min:   136 Max:   354 Err:     1 (8.33%) Active: 0 Started: 3 Finished: 3
2020-01-07 00:23:31,547 INFO o.a.j.r.Summariser: summary =     30 in 00:00:03 =    9.0/s Avg:   247 Min:   128 Max:   354 Err:     2 (6.67%)
